


ARM Macro Assembler    Page 1 


    1 00000000                 PRESERVE8                    ; instruct is align
                                                            ed by 8 bytes æŒ‡ä»
                                                            ¤é›†8å­—èŠ‚å¯¹é½
    2 00000000                 THUMB                        ; use Thumb instruc
                                                            tion set    ä½¿ç”¨t
                                                            humbæŒ‡ä»¤é›†
    3 00000000         
    4 00000000                 AREA             RESET, DATA, READONLY ;DATAå®šä
                                                            ¹‰æ•°æ®æ®µï¼ŒREADO
                                                            NLYåªè¯»
    5 00000000                 EXPORT           __Vectors
    6 00000000         
    7 00000000 0800B000 
                       CODE_START_ADDR
                               EQU              0x800B000
    8 00000000         
    9 00000000 20010000 
                       __Vectors
                               DCD              0x20000000+0x10000 ; CPUè‡ªåŠ¨å
                                                            –æ”¹å¤„çš„å€¼è®¾ç½
                                                            ®ä¸ºæ ˆé¡¶ Top of S
                                                            tack
   10 00000004 00000000        DCD              Reset_Handler ; Reset Handler
   11 00000008         
   12 00000008                 AREA             |.text|, CODE, READONLY ; CODEè
                                                            ¡¨ç¤ºå®šä¹‰ä»£ç æ®
                                                            µï¼ŒREADONLYåªè¯»
   13 00000000         ; Reset handler
   14 00000000         Reset_Handler
                               PROC                         ; å­ç¨‹åºå¼€å§‹æ 
                                                            ‡å¿—
   15 00000000                 EXPORT           Reset_Handler             [WEAK
] 
                                                            ; å¯¼å‡ºReset_Handl
                                                            erå…¨å±€å¯è§ä»¥å
                                                            Šå¼±å®šä¹‰
   16 00000000                 IMPORT           xmain       ; å¯¼å…¥mainï¼Œç±»ä
                                                            ¼¼Cè¯­è¨€çš„extern 
                                                            mainï¼Œå£°æ˜mainç”
                                                            ±å¤–éƒ¨å®šä¹‰
   17 00000000         ;IMPORT relocate_app
   18 00000000         ;IMPORT  |Load$$ER_IROM1$$Base| ; åŠ è½½åŸŸçš„ä»£ç èµ·å
                       §‹åœ°å€
   19 00000000         ;IMPORT  |Image$$ER_IROM1$$Base|
   20 00000000         ;IMPORT  |Image$$ER_IROM1$$Length|
   21 00000000         
   22 00000000 F8DF D004       LDR              sp, = (0x20000000+0x10000) 
                                                            ; è®¾ç½®æ ˆ
   23 00000004         
   24 00000004         ;LDR R0, = |Load$$ER_IROM1$$Base| 
   25 00000004         ;LDR R1, = |Image$$ER_IROM1$$Base|
   26 00000004         ;LDR R2, = |Image$$ER_IROM1$$Length|
   27 00000004         
   28 00000004         ;BL relocate_app
   29 00000004         
   30 00000004 F8DF F004       LDR              pc, = xmain ; ä»£ç å·²ç»é‡å®
                                                            šä½,ç»å¯¹è·³è½¬åˆ
                                                            °RAMä¸­çš„xmain
   31 00000008         



ARM Macro Assembler    Page 2 


   32 00000008                 ENDP                         ; å­ç¨‹åºç»“æŸæ 
                                                            ‡å¿—      
   33 00000008         
   34 00000008                 END                          ;æ±‡ç¼–æ–‡ä»¶ç»“æŸ
                                                            
              20010000 
              00000000 
Command Line: --debug --xref --diag_suppress=9931 --cpu=Cortex-M3 --apcs=interw
ork --depend=.\objects\start.d -o.\objects\start.o -IC:\Users\Administrator\App
Data\Local\Arm\Packs\Keil\STM32F1xx_DFP\2.3.0\Device\Include -IC:\Keil_v5\ARM\C
MSIS\Include --predefine="__UVISION_VERSION SETA 533" --predefine="STM32F10X_HD
 SETA 1" --list=.\listings\start.lst startup\start.s



ARM Macro Assembler    Page 1 Alphabetic symbol ordering
Relocatable symbols

RESET 00000000

Symbol: RESET
   Definitions
      At line 4 in file startup\start.s
   Uses
      None
Comment: RESET unused
__Vectors 00000000

Symbol: __Vectors
   Definitions
      At line 9 in file startup\start.s
   Uses
      At line 5 in file startup\start.s
Comment: __Vectors used once
2 symbols



ARM Macro Assembler    Page 1 Alphabetic symbol ordering
Relocatable symbols

.text 00000000

Symbol: .text
   Definitions
      At line 12 in file startup\start.s
   Uses
      None
Comment: .text unused
Reset_Handler 00000000

Symbol: Reset_Handler
   Definitions
      At line 14 in file startup\start.s
   Uses
      At line 10 in file startup\start.s
      At line 15 in file startup\start.s

2 symbols



ARM Macro Assembler    Page 1 Alphabetic symbol ordering
Absolute symbols

CODE_START_ADDR 0800B000

Symbol: CODE_START_ADDR
   Definitions
      At line 7 in file startup\start.s
   Uses
      None
Comment: CODE_START_ADDR unused
1 symbol



ARM Macro Assembler    Page 1 Alphabetic symbol ordering
External symbols

xmain 00000000

Symbol: xmain
   Definitions
      At line 16 in file startup\start.s
   Uses
      At line 30 in file startup\start.s
Comment: xmain used once
1 symbol
340 symbols in table
