


ARM Macro Assembler    Page 1 


    1 00000000                 PRESERVE8                    ; instruct is align
                                                            ed by 8 bytes æŒ‡ä»
                                                            ¤é›†8å­—èŠ‚å¯¹é½
    2 00000000                 THUMB                        ; use Thumb instruc
                                                            tion set    ä½¿ç”¨t
                                                            humbæŒ‡ä»¤é›†
    3 00000000         
    4 00000000                 AREA             RESET, DATA, READONLY ;DATAå®šä
                                                            ¹‰æ•°æ®æ®µï¼ŒREADO
                                                            NLYåªè¯»
    5 00000000         ;EXPORT  __Vectors  
    6 00000000         
    7 00000000 20010000 
                       __Vectors
                               DCD              0x20000000+0x10000 ; CPUè‡ªåŠ¨å
                                                            –æ”¹å¤„çš„å€¼è®¾ç½
                                                            ®ä¸ºæ ˆé¡¶ Top of S
                                                            tack
    8 00000004 00000000        DCD              Reset_Handler ; Reset Handler
    9 00000008         
   10 00000008                 AREA             |.text|, CODE, READONLY ; CODEè
                                                            ¡¨ç¤ºå®šä¹‰ä»£ç æ®
                                                            µï¼ŒREADONLYåªè¯»
   11 00000000         ; Reset handler
   12 00000000         Reset_Handler
                               PROC                         ; å­ç¨‹åºå¼€å§‹æ 
                                                            ‡å¿—
   13 00000000                 EXPORT           Reset_Handler             [WEAK
] 
                                                            ; å¯¼å‡ºReset_Handl
                                                            erå…¨å±€å¯è§ä»¥å
                                                            Šå¼±å®šä¹‰
   14 00000000                 IMPORT           xmain       ; å¯¼å…¥mainï¼Œç±»ä
                                                            ¼¼Cè¯­è¨€çš„extern 
                                                            mainï¼Œå£°æ˜mainç”
                                                            ±å¤–éƒ¨å®šä¹‰
   15 00000000         
   16 00000000 F8DF D01C       LDR              sp, = (0x20000000+0x10000) ; è®
                                                            ¾ç½®æ ˆ,åªæœ‰è®¾ç½
                                                            ®äº†æ ˆæ‰èƒ½è·³åˆ°
                                                            Cè¯­è¨€çš„ä¸–ç•Œæ‰§
                                                            è¡Œ
   17 00000004         
   18 00000004         ;BL  relocate
   19 00000004         ;BL     clear_bss
   20 00000004 F7FF FFFE       BL               xmain       ; è·³åˆ°Cè¯­è¨€ä¸–ç
                                                            •Œæ‰§è¡Œ
   21 00000008         
   22 00000008                 ENDP                         ; å­ç¨‹åºç»“æŸæ 
                                                            ‡å¿—
   23 00000008         
   24 00000008         relocate
                               PROC                         ; æ±‡ç¼–æ ‡å·å³å‡
                                                            ½æ•°åæˆ–è€…è¯´å‡½
                                                            æ•°åœ°å€
   25 00000008                 EXPORT           relocate
   26 00000008                 IMPORT           |Load$$RW_IRAM1$$Base| ; æ•°æ®
                                                            æ®µçš„åŠ è½½èµ·å§‹å
                                                            œ°å€(æº)



ARM Macro Assembler    Page 2 


   27 00000008                 IMPORT           |Image$$RW_IRAM1$$Base| ; æ•°æ
                                                            ®æ®µçš„é“¾æ¥èµ·å§‹
                                                            åœ°å€(ç›®çš„)
   28 00000008                 IMPORT           |Image$$RW_IRAM1$$Length| ; æ•°
                                                            æ®æ®µçš„é•¿åº¦(é•¿
                                                            åº¦)     
   29 00000008                 IMPORT           relocate_data
   30 00000008         
   31 00000008 4806            LDR              R0, = |Load$$RW_IRAM1$$Base|
   32 0000000A 4907            LDR              R1, = |Image$$RW_IRAM1$$Base|
   33 0000000C 4A07            LDR              R2, = |Image$$RW_IRAM1$$Length|
   34 0000000E         
   35 0000000E F7FF FFFE       BL               relocate_data ; é‡å®šä½æ•°æ®
                                                            æ®µ
   36 00000012         
   37 00000012                 ENDP
   38 00000012         
   39 00000012         clear_bss
                               PROC
   40 00000012                 IMPORT           |Image$$RW_IRAM1$$ZI$$Base| ; Z
                                                            Iæ®µçš„é“¾æ¥èµ·å§‹
                                                            åœ°å€
   41 00000012                 IMPORT           |Image$$RW_IRAM1$$ZI$$Length| 
                                                            ; ZIæ®µçš„é•¿åº¦
   42 00000012                 IMPORT           c_clear_bss
   43 00000012         
   44 00000012 4807            LDR              R0, =|Image$$RW_IRAM1$$ZI$$Base
|
   45 00000014 4907            LDR              R1, = |Image$$RW_IRAM1$$ZI$$Len
gth|
   46 00000016 F04F 0200       MOV              R2 , #0
   47 0000001A         
   48 0000001A F7FF FFFE       BL               c_clear_bss
   49 0000001E         
   50 0000001E                 ENDP
   51 0000001E         
   52 0000001E                 END                          ;æ±‡ç¼–æ–‡ä»¶ç»“æŸ
                                                            
              00 00 20010000 
              00000000 
              00000000 
              00000000 
              00000000 
              00000000 
Command Line: --debug --xref --diag_suppress=9931 --cpu=Cortex-M3 --apcs=interw
ork --depend=.\objects\start.d -o.\objects\start.o -I.\RTE\_01App -IC:\Users\gu
angjie\AppData\Local\Arm\Packs\Keil\STM32F1xx_DFP\2.3.0\Device\Include -IC:\Kei
l_v5\ARM\CMSIS\Include --predefine="__UVISION_VERSION SETA 527" --predefine="ST
M32F10X_HD SETA 1" --list=.\listings\start.lst startup\start.s



ARM Macro Assembler    Page 1 Alphabetic symbol ordering
Relocatable symbols

RESET 00000000

Symbol: RESET
   Definitions
      At line 4 in file startup\start.s
   Uses
      None
Comment: RESET unused
__Vectors 00000000

Symbol: __Vectors
   Definitions
      At line 7 in file startup\start.s
   Uses
      None
Comment: __Vectors unused
2 symbols



ARM Macro Assembler    Page 1 Alphabetic symbol ordering
Relocatable symbols

.text 00000000

Symbol: .text
   Definitions
      At line 10 in file startup\start.s
   Uses
      None
Comment: .text unused
Reset_Handler 00000000

Symbol: Reset_Handler
   Definitions
      At line 12 in file startup\start.s
   Uses
      At line 8 in file startup\start.s
      At line 13 in file startup\start.s

clear_bss 00000012

Symbol: clear_bss
   Definitions
      At line 39 in file startup\start.s
   Uses
      None
Comment: clear_bss unused
relocate 00000008

Symbol: relocate
   Definitions
      At line 24 in file startup\start.s
   Uses
      At line 25 in file startup\start.s
Comment: relocate used once
4 symbols



ARM Macro Assembler    Page 1 Alphabetic symbol ordering
External symbols

Image$$RW_IRAM1$$Base 00000000

Symbol: Image$$RW_IRAM1$$Base
   Definitions
      At line 27 in file startup\start.s
   Uses
      At line 32 in file startup\start.s
Comment: Image$$RW_IRAM1$$Base used once
Image$$RW_IRAM1$$Length 00000000

Symbol: Image$$RW_IRAM1$$Length
   Definitions
      At line 28 in file startup\start.s
   Uses
      At line 33 in file startup\start.s
Comment: Image$$RW_IRAM1$$Length used once
Image$$RW_IRAM1$$ZI$$Base 00000000

Symbol: Image$$RW_IRAM1$$ZI$$Base
   Definitions
      At line 40 in file startup\start.s
   Uses
      At line 44 in file startup\start.s
Comment: Image$$RW_IRAM1$$ZI$$Base used once
Image$$RW_IRAM1$$ZI$$Length 00000000

Symbol: Image$$RW_IRAM1$$ZI$$Length
   Definitions
      At line 41 in file startup\start.s
   Uses
      At line 45 in file startup\start.s
Comment: Image$$RW_IRAM1$$ZI$$Length used once
Load$$RW_IRAM1$$Base 00000000

Symbol: Load$$RW_IRAM1$$Base
   Definitions
      At line 26 in file startup\start.s
   Uses
      At line 31 in file startup\start.s
Comment: Load$$RW_IRAM1$$Base used once
c_clear_bss 00000000

Symbol: c_clear_bss
   Definitions
      At line 42 in file startup\start.s
   Uses
      At line 48 in file startup\start.s
Comment: c_clear_bss used once
relocate_data 00000000

Symbol: relocate_data
   Definitions
      At line 29 in file startup\start.s
   Uses
      At line 35 in file startup\start.s
Comment: relocate_data used once
xmain 00000000

Symbol: xmain



ARM Macro Assembler    Page 2 Alphabetic symbol ordering
External symbols

   Definitions
      At line 14 in file startup\start.s
   Uses
      At line 20 in file startup\start.s
Comment: xmain used once
8 symbols
348 symbols in table
