


ARM Macro Assembler    Page 1 


    1 00000000                 PRESERVE8                    ; instruct is align
                                                            ed by 8 bytes æŒ‡ä»
                                                            ¤é›†8å­—èŠ‚å¯¹é½
    2 00000000                 THUMB                        ; use Thumb instruc
                                                            tion set    ä½¿ç”¨t
                                                            humbæŒ‡ä»¤é›†
    3 00000000         
    4 00000000                 AREA             RESET, DATA, READONLY ;DATAå®šä
                                                            ¹‰æ•°æ®æ®µï¼ŒREADO
                                                            NLYåªè¯»
    5 00000000                 EXPORT           __Vectors
    6 00000000         
    7 00000000 0800B000 
                       CODE_START_ADDR
                               EQU              0x800B000
    8 00000000         
    9 00000000 20010000 
                       __Vectors
                               DCD              0x20000000+0x10000 ; CPUè‡ªåŠ¨å
                                                            –æ”¹å¤„çš„å€¼è®¾ç½
                                                            ®ä¸ºæ ˆé¡¶ Top of S
                                                            tack
   10 00000004 00000000        DCD              Reset_Handler ; Reset Handler
   11 00000008         
   12 00000008                 AREA             |.text|, CODE, READONLY ; CODEè
                                                            ¡¨ç¤ºå®šä¹‰ä»£ç æ®
                                                            µï¼ŒREADONLYåªè¯»
   13 00000000         ; Reset handler
   14 00000000         Reset_Handler
                               PROC                         ; å­ç¨‹åºå¼€å§‹æ 
                                                            ‡å¿—
   15 00000000                 EXPORT           Reset_Handler             [WEAK
] 
                                                            ; å¯¼å‡ºReset_Handl
                                                            erå…¨å±€å¯è§ä»¥å
                                                            Šå¼±å®šä¹‰
   16 00000000                 IMPORT           xmain       ; å¯¼å…¥mainï¼Œç±»ä
                                                            ¼¼Cè¯­è¨€çš„extern 
                                                            mainï¼Œå£°æ˜mainç”
                                                            ±å¤–éƒ¨å®šä¹‰
   17 00000000                 IMPORT           relocate_app
   18 00000000                 IMPORT           |Load$$ER_IROM1$$Base| ; åŠ è½½
                                                            åŸŸçš„ä»£ç èµ·å§‹å
                                                            œ°å€
   19 00000000                 IMPORT           |Image$$ER_IROM1$$Base|
   20 00000000                 IMPORT           |Image$$ER_IROM1$$Length|
   21 00000000         
   22 00000000 F8DF D010       LDR              sp, = (0x20000000+0x10000) ; è®
                                                            ¾ç½®æ ˆ,åªæœ‰è®¾ç½
                                                            ®äº†æ ˆæ‰èƒ½è·³åˆ°
                                                            Cè¯­è¨€çš„ä¸–ç•Œæ‰§
                                                            è¡Œ
   23 00000004         
   24 00000004 4804            LDR              R0, = |Load$$ER_IROM1$$Base|
   25 00000006 4905            LDR              R1, = |Image$$ER_IROM1$$Base|
   26 00000008 4A05            LDR              R2, = |Image$$ER_IROM1$$Length|
   27 0000000A         
   28 0000000A F7FF FFFE       BL               relocate_app
   29 0000000E         



ARM Macro Assembler    Page 2 


   30 0000000E F8DF F014       LDR              pc, = xmain
   31 00000012         
   32 00000012                 ENDP                         ; å­ç¨‹åºç»“æŸæ 
                                                            ‡å¿—      
   33 00000012         
   34 00000012                 END                          ;æ±‡ç¼–æ–‡ä»¶ç»“æŸ
                                                            
              00 00 20010000 
              00000000 
              00000000 
              00000000 
              00000000 
Command Line: --debug --xref --diag_suppress=9931 --cpu=Cortex-M3 --apcs=interw
ork --depend=.\objects\start.d -o.\objects\start.o -I.\RTE\_01App -IC:\Users\gu
angjie\AppData\Local\Arm\Packs\Keil\STM32F1xx_DFP\2.3.0\Device\Include -IC:\Kei
l_v5\ARM\CMSIS\Include --predefine="__UVISION_VERSION SETA 527" --predefine="ST
M32F10X_HD SETA 1" --list=.\listings\start.lst startup\start.s



ARM Macro Assembler    Page 1 Alphabetic symbol ordering
Relocatable symbols

RESET 00000000

Symbol: RESET
   Definitions
      At line 4 in file startup\start.s
   Uses
      None
Comment: RESET unused
__Vectors 00000000

Symbol: __Vectors
   Definitions
      At line 9 in file startup\start.s
   Uses
      At line 5 in file startup\start.s
Comment: __Vectors used once
2 symbols



ARM Macro Assembler    Page 1 Alphabetic symbol ordering
Relocatable symbols

.text 00000000

Symbol: .text
   Definitions
      At line 12 in file startup\start.s
   Uses
      None
Comment: .text unused
Reset_Handler 00000000

Symbol: Reset_Handler
   Definitions
      At line 14 in file startup\start.s
   Uses
      At line 10 in file startup\start.s
      At line 15 in file startup\start.s

2 symbols



ARM Macro Assembler    Page 1 Alphabetic symbol ordering
Absolute symbols

CODE_START_ADDR 0800B000

Symbol: CODE_START_ADDR
   Definitions
      At line 7 in file startup\start.s
   Uses
      None
Comment: CODE_START_ADDR unused
1 symbol



ARM Macro Assembler    Page 1 Alphabetic symbol ordering
External symbols

Image$$ER_IROM1$$Base 00000000

Symbol: Image$$ER_IROM1$$Base
   Definitions
      At line 19 in file startup\start.s
   Uses
      At line 25 in file startup\start.s
Comment: Image$$ER_IROM1$$Base used once
Image$$ER_IROM1$$Length 00000000

Symbol: Image$$ER_IROM1$$Length
   Definitions
      At line 20 in file startup\start.s
   Uses
      At line 26 in file startup\start.s
Comment: Image$$ER_IROM1$$Length used once
Load$$ER_IROM1$$Base 00000000

Symbol: Load$$ER_IROM1$$Base
   Definitions
      At line 18 in file startup\start.s
   Uses
      At line 24 in file startup\start.s
Comment: Load$$ER_IROM1$$Base used once
relocate_app 00000000

Symbol: relocate_app
   Definitions
      At line 17 in file startup\start.s
   Uses
      At line 28 in file startup\start.s
Comment: relocate_app used once
xmain 00000000

Symbol: xmain
   Definitions
      At line 16 in file startup\start.s
   Uses
      At line 30 in file startup\start.s
Comment: xmain used once
5 symbols
344 symbols in table
