


ARM Macro Assembler    Page 1 


    1 00000000                 PRESERVE8                    ; instruct is align
                                                            ed by 8 bytes æŒ‡ä»
                                                            ¤é›†8å­—èŠ‚å¯¹é½
    2 00000000                 THUMB                        ; use Thumb instruc
                                                            tion set    ä½¿ç”¨t
                                                            humbæŒ‡ä»¤é›†
    3 00000000         
    4 00000000                 AREA             RESET, DATA, READONLY ;DATAå®šä
                                                            ¹‰æ•°æ®æ®µï¼ŒREADO
                                                            NLYåªè¯»
    5 00000000                 EXPORT           __Vectors
    6 00000000         
    7 00000000 00000000 
                       __Vectors
                               DCD              0           ; CPUè‡ªåŠ¨å°†è¯¥å¤
                                                            „çš„å€¼è®¾ç½®ç»™spï
                                                            ¼ŒTop of Stack
    8 00000004 00000000        DCD              Reset_Handler ; Reset Handler æ
                                                            Œ‡ä»¤åœ°å€ï¼ŒCPUé¦
                                                            –å…ˆæ‰§è¡Œæ­¤å¥
    9 00000008         
   10 00000008                 AREA             |.text|, CODE, READONLY ; CODEè
                                                            ¡¨ç¤ºå®šä¹‰ä»£ç æ®
                                                            µï¼ŒREADONLYåªè¯»
   11 00000000         ; Reset handler
   12 00000000         Reset_Handler
                               PROC                         ; å­ç¨‹åºå¼€å§‹æ 
                                                            ‡å¿—
   13 00000000                 EXPORT           Reset_Handler             [WEAK
] 
                                                            ; å¯¼å‡ºReset_Handl
                                                            erå…¨å±€å¯è§ä»¥å
                                                            Šå¼±å®šä¹‰
   14 00000000                 IMPORT           main        ; å¯¼å…¥mainï¼Œç±»ä
                                                            ¼¼Cè¯­è¨€çš„extern 
                                                            mainï¼Œå£°æ˜mainç”
                                                            ±å¤–éƒ¨å®šä¹‰
   15 00000000         
   16 00000000 F8DF D00C       LDR              sp, = (0x20000000+0x10000) ; æ‰
                                                            ‹åŠ¨è®¾ç½®æ ˆ,åªæœ
                                                            ‰è®¾ç½®äº†æ ˆæ‰èƒ½
                                                            è·³åˆ°Cè¯­è¨€çš„ä¸–
                                                            ç•Œæ‰§è¡Œ
   17 00000004         
   18 00000004 F7FF FFFE       BL               main        ; è·³åˆ°Cè¯­è¨€ä¸–ç
                                                            •Œæ‰§è¡Œ
   19 00000008         
   20 00000008                 ENDP                         ; å­ç¨‹åºç»“æŸæ 
                                                            ‡å¿—
   21 00000008         
   22 00000008         boot_app
                               PROC                         ; æ±‡ç¼–æ ‡å·å³å‡
                                                            ½æ•°åæˆ–è€…è¯´å‡½
                                                            æ•°åœ°å€
   23 00000008                 EXPORT           boot_app
   24 00000008         
   25 00000008         ;STR R0, [R1]  ; å‘ä¸­æ–­å‘é‡å¯„å­˜å™¨å†™å…¥ç¨‹åºé“¾
                       æ¥åœ°å€0x800B000
   26 00000008         



ARM Macro Assembler    Page 2 


   27 00000008         ;LDR sp, [R0]  ; å–0x800B000åœ°å€å¤„çš„å€¼å†™å…¥spå³è
                       ®¾ç½®æ ˆ
   28 00000008         
   29 00000008         ;LDR R3, [R1]
   30 00000008         
   31 00000008         ;LDR R2, [R0, #4]  ;  0x800B000 + 4 = 0x800B004,å–å‡º0x
                       800B004åœ°å€å¤„çš„å€¼èµ‹å€¼ç»™R2
   32 00000008         
   33 00000008 F100 0209       ADD              R2, R0, #9
   34 0000000C         
   35 0000000C 4710            BX               R2          ; è·³å»æ‰§è¡ŒAPP
   36 0000000E         
   37 0000000E                 ENDP
   38 0000000E         
   39 0000000E                 END                          ;æ±‡ç¼–æ–‡ä»¶ç»“
              00 00 20010000 
Command Line: --debug --xref --diag_suppress=9931 --cpu=Cortex-M3 --apcs=interw
ork --depend=.\objects\start.d -o.\objects\start.o -I.\RTE\_01Bootloader -IC:\U
sers\guangjie\AppData\Local\Arm\Packs\Keil\STM32F1xx_DFP\2.3.0\Device\Include -
IC:\Keil_v5\ARM\CMSIS\Include --predefine="__UVISION_VERSION SETA 527" --predef
ine="STM32F10X_HD SETA 1" --list=.\listings\start.lst startup\start.s



ARM Macro Assembler    Page 1 Alphabetic symbol ordering
Relocatable symbols

RESET 00000000

Symbol: RESET
   Definitions
      At line 4 in file startup\start.s
   Uses
      None
Comment: RESET unused
__Vectors 00000000

Symbol: __Vectors
   Definitions
      At line 7 in file startup\start.s
   Uses
      At line 5 in file startup\start.s
Comment: __Vectors used once
2 symbols



ARM Macro Assembler    Page 1 Alphabetic symbol ordering
Relocatable symbols

.text 00000000

Symbol: .text
   Definitions
      At line 10 in file startup\start.s
   Uses
      None
Comment: .text unused
Reset_Handler 00000000

Symbol: Reset_Handler
   Definitions
      At line 12 in file startup\start.s
   Uses
      At line 8 in file startup\start.s
      At line 13 in file startup\start.s

boot_app 00000008

Symbol: boot_app
   Definitions
      At line 22 in file startup\start.s
   Uses
      At line 23 in file startup\start.s
Comment: boot_app used once
3 symbols



ARM Macro Assembler    Page 1 Alphabetic symbol ordering
External symbols

main 00000000

Symbol: main
   Definitions
      At line 14 in file startup\start.s
   Uses
      At line 18 in file startup\start.s
Comment: main used once
1 symbol
340 symbols in table
